{
  "stats": {
    "suites": 1,
    "tests": 4,
    "passes": 4,
    "pending": 0,
    "failures": 0,
    "start": "2023-11-01T14:56:09.091Z",
    "end": "2023-11-01T14:56:20.597Z",
    "duration": 11506,
    "testsRegistered": 4,
    "passPercent": 100,
    "pendingPercent": 0,
    "other": 0,
    "hasOther": false,
    "skipped": 0,
    "hasSkipped": false
  },
  "results": [
    {
      "uuid": "93a92d55-020a-485a-bf01-7f90a6311e5e",
      "title": "",
      "fullFile": "cypress/integration/testes cadastro/cadastro.spec.js",
      "file": "cypress/integration/testes cadastro/cadastro.spec.js",
      "beforeHooks": [],
      "afterHooks": [],
      "tests": [],
      "suites": [
        {
          "uuid": "d86dcd8a-d260-44e0-8ca2-4e63d1ed6fc1",
          "title": "Validar funcionamento de cadastro e login",
          "fullFile": "",
          "file": "",
          "beforeHooks": [],
          "afterHooks": [],
          "tests": [
            {
              "title": "Não devo conseguir realizar cadastro sem e-mail",
              "fullTitle": "Validar funcionamento de cadastro e login Não devo conseguir realizar cadastro sem e-mail",
              "timedOut": null,
              "duration": 3851,
              "state": "passed",
              "speed": "fast",
              "pass": true,
              "fail": false,
              "pending": false,
              "context": null,
              "code": "cy.get('#nome').type('Karoline Santos');\ncy.get('#senha').type('12345678');\ncy.get('.btn').click();\ncy.get('.alert').should('contain', 'Email é um campo obrigatório');",
              "err": {},
              "uuid": "c03d4cc5-9989-4ba2-803e-16cc332cb3a6",
              "parentUUID": "d86dcd8a-d260-44e0-8ca2-4e63d1ed6fc1",
              "isHook": false,
              "skipped": false
            },
            {
              "title": "Não devo conseguir realizar cadastro sem senha",
              "fullTitle": "Validar funcionamento de cadastro e login Não devo conseguir realizar cadastro sem senha",
              "timedOut": null,
              "duration": 1760,
              "state": "passed",
              "speed": "fast",
              "pass": true,
              "fail": false,
              "pending": false,
              "context": null,
              "code": "cy.get('#nome').type('Karoline Santos');\ncy.get('#email').type('karol@mentorama.com');\ncy.get('.btn').click();\ncy.get('.alert').should('contain', 'Senha é um campo obrigatório');",
              "err": {},
              "uuid": "a9974858-cc88-436d-bcc4-73acef18fb0c",
              "parentUUID": "d86dcd8a-d260-44e0-8ca2-4e63d1ed6fc1",
              "isHook": false,
              "skipped": false
            },
            {
              "title": "Não devo conseguir realizar cadastro com email já cadastro",
              "fullTitle": "Validar funcionamento de cadastro e login Não devo conseguir realizar cadastro com email já cadastro",
              "timedOut": null,
              "duration": 2842,
              "state": "passed",
              "speed": "fast",
              "pass": true,
              "fail": false,
              "pending": false,
              "context": null,
              "code": "cy.get('#nome').type('Karoline Santos');\ncy.get('#email').type('karoline@mentorama.com');\ncy.get('#senha').type('12345678');\ncy.get('.btn').click();\ncy.get('.alert').should('contain', 'Endereço de email já utilizado');",
              "err": {},
              "uuid": "5fad3878-dfa7-43fc-88e7-ac80d19aed3d",
              "parentUUID": "d86dcd8a-d260-44e0-8ca2-4e63d1ed6fc1",
              "isHook": false,
              "skipped": false
            },
            {
              "title": "Devo realizar login com sucesso",
              "fullTitle": "Validar funcionamento de cadastro e login Devo realizar login com sucesso",
              "timedOut": null,
              "duration": 2918,
              "state": "passed",
              "speed": "fast",
              "pass": true,
              "fail": false,
              "pending": false,
              "context": null,
              "code": "cy.visit('https://seubarriga.wcaquino.me/login');\ncy.realizarLoginComSucesso();\ncy.get('.btn').click();\ncy.get('.alert').should('contain', 'Bem vindo, Karoline Santos!');",
              "err": {},
              "uuid": "b6ee4b64-a2f3-405e-9a9b-2e5e8fa15bff",
              "parentUUID": "d86dcd8a-d260-44e0-8ca2-4e63d1ed6fc1",
              "isHook": false,
              "skipped": false
            }
          ],
          "suites": [],
          "passes": [
            "c03d4cc5-9989-4ba2-803e-16cc332cb3a6",
            "a9974858-cc88-436d-bcc4-73acef18fb0c",
            "5fad3878-dfa7-43fc-88e7-ac80d19aed3d",
            "b6ee4b64-a2f3-405e-9a9b-2e5e8fa15bff"
          ],
          "failures": [],
          "pending": [],
          "skipped": [],
          "duration": 11371,
          "root": false,
          "rootEmpty": false,
          "_timeout": 2000
        }
      ],
      "passes": [],
      "failures": [],
      "pending": [],
      "skipped": [],
      "duration": 0,
      "root": true,
      "rootEmpty": true,
      "_timeout": 2000
    }
  ],
  "meta": {
    "mocha": {
      "version": "7.0.1"
    },
    "mochawesome": {
      "options": {
        "quiet": false,
        "reportFilename": "mochawesome",
        "saveHtml": true,
        "saveJson": true,
        "consoleReporter": "spec",
        "useInlineDiffs": false,
        "code": true
      },
      "version": "7.1.3"
    },
    "marge": {
      "options": {
        "reportDir": "cypress/results",
        "overwrite": false,
        "html": true,
        "video": true,
        "json": true
      },
      "version": "6.2.0"
    }
  }
}