{
  "stats": {
    "suites": 1,
    "tests": 4,
    "passes": 4,
    "pending": 0,
    "failures": 0,
    "start": "2023-11-01T14:37:34.040Z",
    "end": "2023-11-01T14:37:44.059Z",
    "duration": 10019,
    "testsRegistered": 4,
    "passPercent": 100,
    "pendingPercent": 0,
    "other": 0,
    "hasOther": false,
    "skipped": 0,
    "hasSkipped": false
  },
  "results": [
    {
      "uuid": "5ce0a9c0-b576-41d0-9a30-2d74ced21fa7",
      "title": "",
      "fullFile": "cypress/integration/testes cadastro/cadastro.spec.js",
      "file": "cypress/integration/testes cadastro/cadastro.spec.js",
      "beforeHooks": [],
      "afterHooks": [],
      "tests": [],
      "suites": [
        {
          "uuid": "dbefd5d1-ee8c-4175-ada4-ce7a71941943",
          "title": "Validar funcionamento de cadastro e login",
          "fullFile": "",
          "file": "",
          "beforeHooks": [],
          "afterHooks": [],
          "tests": [
            {
              "title": "Não devo conseguir realizar cadastro sem e-mail",
              "fullTitle": "Validar funcionamento de cadastro e login Não devo conseguir realizar cadastro sem e-mail",
              "timedOut": null,
              "duration": 3475,
              "state": "passed",
              "speed": "fast",
              "pass": true,
              "fail": false,
              "pending": false,
              "context": null,
              "code": "cy.get('#nome').type('Karoline Santos');\ncy.get('#senha').type('12345678');\ncy.get('.btn').click();\ncy.get('.alert').should('contain', 'Email é um campo obrigatório');",
              "err": {},
              "uuid": "bffa1662-25c5-4330-bb53-b92837415778",
              "parentUUID": "dbefd5d1-ee8c-4175-ada4-ce7a71941943",
              "isHook": false,
              "skipped": false
            },
            {
              "title": "Não devo conseguir realizar cadastro sem senha",
              "fullTitle": "Validar funcionamento de cadastro e login Não devo conseguir realizar cadastro sem senha",
              "timedOut": null,
              "duration": 1667,
              "state": "passed",
              "speed": "fast",
              "pass": true,
              "fail": false,
              "pending": false,
              "context": null,
              "code": "cy.get('#nome').type('Karoline Santos');\ncy.get('#email').type('karol@mentorama.com');\ncy.get('.btn').click();\ncy.get('.alert').should('contain', 'Senha é um campo obrigatório');",
              "err": {},
              "uuid": "5ef0e537-4354-4557-976d-0e7d450cbf7f",
              "parentUUID": "dbefd5d1-ee8c-4175-ada4-ce7a71941943",
              "isHook": false,
              "skipped": false
            },
            {
              "title": "Não devo conseguir realizar cadastro com email já cadastro",
              "fullTitle": "Validar funcionamento de cadastro e login Não devo conseguir realizar cadastro com email já cadastro",
              "timedOut": null,
              "duration": 2680,
              "state": "passed",
              "speed": "fast",
              "pass": true,
              "fail": false,
              "pending": false,
              "context": null,
              "code": "cy.get('#nome').type('Karoline Santos');\ncy.get('#email').type('karoline@mentorama.com');\ncy.get('#senha').type('12345678');\ncy.get('.btn').click();\ncy.get('.alert').should('contain', 'Endereço de email já utilizado');",
              "err": {},
              "uuid": "d3adc250-5260-4730-8f63-75bfe93b6de3",
              "parentUUID": "dbefd5d1-ee8c-4175-ada4-ce7a71941943",
              "isHook": false,
              "skipped": false
            },
            {
              "title": "Devo realizar login com sucesso",
              "fullTitle": "Validar funcionamento de cadastro e login Devo realizar login com sucesso",
              "timedOut": null,
              "duration": 2061,
              "state": "passed",
              "speed": "fast",
              "pass": true,
              "fail": false,
              "pending": false,
              "context": null,
              "code": "cy.visit('https://seubarriga.wcaquino.me/login');\ncy.realizarLoginComSucesso();\ncy.get('.btn').click();\ncy.get('.alert').should('contain', 'Bem vindo, Karoline Santos!');",
              "err": {},
              "uuid": "18100938-d542-439b-a025-e8eb29647eca",
              "parentUUID": "dbefd5d1-ee8c-4175-ada4-ce7a71941943",
              "isHook": false,
              "skipped": false
            }
          ],
          "suites": [],
          "passes": [
            "bffa1662-25c5-4330-bb53-b92837415778",
            "5ef0e537-4354-4557-976d-0e7d450cbf7f",
            "d3adc250-5260-4730-8f63-75bfe93b6de3",
            "18100938-d542-439b-a025-e8eb29647eca"
          ],
          "failures": [],
          "pending": [],
          "skipped": [],
          "duration": 9883,
          "root": false,
          "rootEmpty": false,
          "_timeout": 2000
        }
      ],
      "passes": [],
      "failures": [],
      "pending": [],
      "skipped": [],
      "duration": 0,
      "root": true,
      "rootEmpty": true,
      "_timeout": 2000
    }
  ],
  "meta": {
    "mocha": {
      "version": "7.0.1"
    },
    "mochawesome": {
      "options": {
        "quiet": false,
        "reportFilename": "mochawesome",
        "saveHtml": true,
        "saveJson": true,
        "consoleReporter": "spec",
        "useInlineDiffs": false,
        "code": true
      },
      "version": "7.1.3"
    },
    "marge": {
      "options": {
        "reportDir": "cypress/results",
        "overwrite": false,
        "html": true,
        "video": true,
        "json": true
      },
      "version": "6.2.0"
    }
  }
}