{
  "stats": {
    "suites": 1,
    "tests": 4,
    "passes": 4,
    "pending": 0,
    "failures": 0,
    "start": "2023-11-01T14:41:21.431Z",
    "end": "2023-11-01T14:41:31.930Z",
    "duration": 10499,
    "testsRegistered": 4,
    "passPercent": 100,
    "pendingPercent": 0,
    "other": 0,
    "hasOther": false,
    "skipped": 0,
    "hasSkipped": false
  },
  "results": [
    {
      "uuid": "e51b9c02-6adf-4436-bbdc-ae1409c2b441",
      "title": "",
      "fullFile": "cypress/integration/testes cadastro/cadastro.spec.js",
      "file": "cypress/integration/testes cadastro/cadastro.spec.js",
      "beforeHooks": [],
      "afterHooks": [],
      "tests": [],
      "suites": [
        {
          "uuid": "d6fea7cb-da7f-4616-b74b-88fafb6989d3",
          "title": "Validar funcionamento de cadastro e login",
          "fullFile": "",
          "file": "",
          "beforeHooks": [],
          "afterHooks": [],
          "tests": [
            {
              "title": "Não devo conseguir realizar cadastro sem e-mail",
              "fullTitle": "Validar funcionamento de cadastro e login Não devo conseguir realizar cadastro sem e-mail",
              "timedOut": null,
              "duration": 3194,
              "state": "passed",
              "speed": "fast",
              "pass": true,
              "fail": false,
              "pending": false,
              "context": null,
              "code": "cy.get('#nome').type('Karoline Santos');\ncy.get('#senha').type('12345678');\ncy.get('.btn').click();\ncy.get('.alert').should('contain', 'Email é um campo obrigatório');",
              "err": {},
              "uuid": "126d10e6-2af0-4af5-909d-0058b6a48005",
              "parentUUID": "d6fea7cb-da7f-4616-b74b-88fafb6989d3",
              "isHook": false,
              "skipped": false
            },
            {
              "title": "Não devo conseguir realizar cadastro sem senha",
              "fullTitle": "Validar funcionamento de cadastro e login Não devo conseguir realizar cadastro sem senha",
              "timedOut": null,
              "duration": 1779,
              "state": "passed",
              "speed": "fast",
              "pass": true,
              "fail": false,
              "pending": false,
              "context": null,
              "code": "cy.get('#nome').type('Karoline Santos');\ncy.get('#email').type('karol@mentorama.com');\ncy.get('.btn').click();\ncy.get('.alert').should('contain', 'Senha é um campo obrigatório');",
              "err": {},
              "uuid": "2d48fee0-ea7b-4c0a-b820-347523434d50",
              "parentUUID": "d6fea7cb-da7f-4616-b74b-88fafb6989d3",
              "isHook": false,
              "skipped": false
            },
            {
              "title": "Não devo conseguir realizar cadastro com email já cadastro",
              "fullTitle": "Validar funcionamento de cadastro e login Não devo conseguir realizar cadastro com email já cadastro",
              "timedOut": null,
              "duration": 2535,
              "state": "passed",
              "speed": "fast",
              "pass": true,
              "fail": false,
              "pending": false,
              "context": null,
              "code": "cy.get('#nome').type('Karoline Santos');\ncy.get('#email').type('karoline@mentorama.com');\ncy.get('#senha').type('12345678');\ncy.get('.btn').click();\ncy.get('.alert').should('contain', 'Endereço de email já utilizado');",
              "err": {},
              "uuid": "147d39d8-626b-405e-ab95-01c4eb0d9c20",
              "parentUUID": "d6fea7cb-da7f-4616-b74b-88fafb6989d3",
              "isHook": false,
              "skipped": false
            },
            {
              "title": "Devo realizar login com sucesso",
              "fullTitle": "Validar funcionamento de cadastro e login Devo realizar login com sucesso",
              "timedOut": null,
              "duration": 2659,
              "state": "passed",
              "speed": "fast",
              "pass": true,
              "fail": false,
              "pending": false,
              "context": null,
              "code": "cy.visit('https://seubarriga.wcaquino.me/login');\ncy.realizarLoginComSucesso();\ncy.get('.btn').click();\ncy.get('.alert').should('contain', 'Bem vindo, Karoline Santos!');",
              "err": {},
              "uuid": "503cf34a-ddd8-4059-a884-06afd0a166e4",
              "parentUUID": "d6fea7cb-da7f-4616-b74b-88fafb6989d3",
              "isHook": false,
              "skipped": false
            }
          ],
          "suites": [],
          "passes": [
            "126d10e6-2af0-4af5-909d-0058b6a48005",
            "2d48fee0-ea7b-4c0a-b820-347523434d50",
            "147d39d8-626b-405e-ab95-01c4eb0d9c20",
            "503cf34a-ddd8-4059-a884-06afd0a166e4"
          ],
          "failures": [],
          "pending": [],
          "skipped": [],
          "duration": 10167,
          "root": false,
          "rootEmpty": false,
          "_timeout": 2000
        }
      ],
      "passes": [],
      "failures": [],
      "pending": [],
      "skipped": [],
      "duration": 0,
      "root": true,
      "rootEmpty": true,
      "_timeout": 2000
    }
  ],
  "meta": {
    "mocha": {
      "version": "7.0.1"
    },
    "mochawesome": {
      "options": {
        "quiet": false,
        "reportFilename": "mochawesome",
        "saveHtml": true,
        "saveJson": true,
        "consoleReporter": "spec",
        "useInlineDiffs": false,
        "code": true
      },
      "version": "7.1.3"
    },
    "marge": {
      "options": {
        "reportDir": "cypress/results",
        "overwrite": false,
        "html": true,
        "video": true,
        "json": true
      },
      "version": "6.2.0"
    }
  }
}