{
  "stats": {
    "suites": 1,
    "tests": 4,
    "passes": 4,
    "pending": 0,
    "failures": 0,
    "start": "2023-11-01T14:52:48.725Z",
    "end": "2023-11-01T14:52:57.711Z",
    "duration": 8986,
    "testsRegistered": 4,
    "passPercent": 100,
    "pendingPercent": 0,
    "other": 0,
    "hasOther": false,
    "skipped": 0,
    "hasSkipped": false
  },
  "results": [
    {
      "uuid": "7f371f02-f336-4e40-bfab-44863ef19268",
      "title": "",
      "fullFile": "cypress/integration/testes cadastro/cadastro.spec.js",
      "file": "cypress/integration/testes cadastro/cadastro.spec.js",
      "beforeHooks": [],
      "afterHooks": [],
      "tests": [],
      "suites": [
        {
          "uuid": "c98debeb-36da-4b01-a3ce-5e23c0b78678",
          "title": "Validar funcionamento de cadastro e login",
          "fullFile": "",
          "file": "",
          "beforeHooks": [],
          "afterHooks": [],
          "tests": [
            {
              "title": "Não devo conseguir realizar cadastro sem e-mail",
              "fullTitle": "Validar funcionamento de cadastro e login Não devo conseguir realizar cadastro sem e-mail",
              "timedOut": null,
              "duration": 2668,
              "state": "passed",
              "speed": "fast",
              "pass": true,
              "fail": false,
              "pending": false,
              "context": null,
              "code": "cy.get('#nome').type('Karoline Santos');\ncy.get('#senha').type('12345678');\ncy.get('.btn').click();\ncy.get('.alert').should('contain', 'Email é um campo obrigatório');",
              "err": {},
              "uuid": "d4f7b637-9768-4d45-97af-9cf85b8625c4",
              "parentUUID": "c98debeb-36da-4b01-a3ce-5e23c0b78678",
              "isHook": false,
              "skipped": false
            },
            {
              "title": "Não devo conseguir realizar cadastro sem senha",
              "fullTitle": "Validar funcionamento de cadastro e login Não devo conseguir realizar cadastro sem senha",
              "timedOut": null,
              "duration": 1448,
              "state": "passed",
              "speed": "fast",
              "pass": true,
              "fail": false,
              "pending": false,
              "context": null,
              "code": "cy.get('#nome').type('Karoline Santos');\ncy.get('#email').type('karol@mentorama.com');\ncy.get('.btn').click();\ncy.get('.alert').should('contain', 'Senha é um campo obrigatório');",
              "err": {},
              "uuid": "6b71f0fe-5de6-433e-9fa2-aee0e881df33",
              "parentUUID": "c98debeb-36da-4b01-a3ce-5e23c0b78678",
              "isHook": false,
              "skipped": false
            },
            {
              "title": "Não devo conseguir realizar cadastro com email já cadastro",
              "fullTitle": "Validar funcionamento de cadastro e login Não devo conseguir realizar cadastro com email já cadastro",
              "timedOut": null,
              "duration": 2040,
              "state": "passed",
              "speed": "fast",
              "pass": true,
              "fail": false,
              "pending": false,
              "context": null,
              "code": "cy.get('#nome').type('Karoline Santos');\ncy.get('#email').type('karoline@mentorama.com');\ncy.get('#senha').type('12345678');\ncy.get('.btn').click();\ncy.get('.alert').should('contain', 'Endereço de email já utilizado');",
              "err": {},
              "uuid": "0bf95d37-086a-4b5d-9616-fc84443f534b",
              "parentUUID": "c98debeb-36da-4b01-a3ce-5e23c0b78678",
              "isHook": false,
              "skipped": false
            },
            {
              "title": "Devo realizar login com sucesso",
              "fullTitle": "Validar funcionamento de cadastro e login Devo realizar login com sucesso",
              "timedOut": null,
              "duration": 2722,
              "state": "passed",
              "speed": "fast",
              "pass": true,
              "fail": false,
              "pending": false,
              "context": null,
              "code": "cy.visit('https://seubarriga.wcaquino.me/login');\ncy.realizarLoginComSucesso();\ncy.get('.btn').click();\ncy.get('.alert').should('contain', 'Bem vindo, Karoline Santos!');",
              "err": {},
              "uuid": "fcbdb634-5c49-431f-b1f3-4d79e6e5de8c",
              "parentUUID": "c98debeb-36da-4b01-a3ce-5e23c0b78678",
              "isHook": false,
              "skipped": false
            }
          ],
          "suites": [],
          "passes": [
            "d4f7b637-9768-4d45-97af-9cf85b8625c4",
            "6b71f0fe-5de6-433e-9fa2-aee0e881df33",
            "0bf95d37-086a-4b5d-9616-fc84443f534b",
            "fcbdb634-5c49-431f-b1f3-4d79e6e5de8c"
          ],
          "failures": [],
          "pending": [],
          "skipped": [],
          "duration": 8878,
          "root": false,
          "rootEmpty": false,
          "_timeout": 2000
        }
      ],
      "passes": [],
      "failures": [],
      "pending": [],
      "skipped": [],
      "duration": 0,
      "root": true,
      "rootEmpty": true,
      "_timeout": 2000
    }
  ],
  "meta": {
    "mocha": {
      "version": "7.0.1"
    },
    "mochawesome": {
      "options": {
        "quiet": false,
        "reportFilename": "mochawesome",
        "saveHtml": true,
        "saveJson": true,
        "consoleReporter": "spec",
        "useInlineDiffs": false,
        "code": true
      },
      "version": "7.1.3"
    },
    "marge": {
      "options": {
        "reportDir": "cypress/results",
        "overwrite": false,
        "html": true,
        "video": true,
        "json": true
      },
      "version": "6.2.0"
    }
  }
}